2021-11-24
https://api.timetap.com/test/reasonIdList?startDate=2021-09-25endDate=2021-09-25&sessionToken=st.api.api.82bd67956b6c41c7afb00086199e7938
{
  status: 200,
  statusText: 'OK',
  headers: {
    date: 'Wed, 24 Nov 2021 18:42:10 GMT',
    'content-type': 'application/json;charset=UTF-8',
    'content-length': '176',
    connection: 'close',
    'x-amzn-requestid': '8b5cc384-998d-4e33-97d6-dc79f82bbe72',
    'cf-ray': '6b34c68eaad95c16-IAD',
    'x-xss-protection': '1; mode=block',
    'access-control-allow-origin': 'http://localhost',
    'expect-ct': 'max-age=604800, report-uri="https://report-uri.cloudflare.com/cdn-cgi/beacon/expect-ct"',
    'cf-cache-status': 'DYNAMIC',
    'strict-transport-security': 'max-age=31536000; includeSubDomains',
    'access-control-allow-headers': 'x-requested-with, Content-Type, origin, authorization, accept, client-security-token',
    'content-security-policy': "default-src https: blob: data: 'unsafe-inline' 'unsafe-eval'",
    'x-amzn-remapped-connection': 'keep-alive',
    'x-amz-apigw-id': 'JUocZG7qIAMFy4g=',
    'x-amzn-remapped-server': 'cloudflare',
    'x-content-type-options': 'nosniff',
    'access-control-allow-methods': 'POST, GET, OPTIONS, DELETE, PUT',
    'x-amzn-trace-id': 'Root=1-619e8782-4bb6633a415a1c5215dbd405',
    'alt-svc': 'h3=":443"; ma=86400, h3-29=":443"; ma=86400, h3-28=":443"; ma=86400, h3-27=":443"; ma=86400',
    'access-control-max-age': '1000',
    'x-amzn-remapped-date': 'Wed, 24 Nov 2021 18:42:10 GMT'
  },
  config: {
    url: 'https://api.timetap.com/test/reasonIdList?startDate=2021-09-25endDate=2021-09-25&sessionToken=st.api.api.82bd67956b6c41c7afb00086199e7938',
    method: 'get',
    headers: {
      Accept: 'application/json, text/plain, */*',
      'User-Agent': 'axios/0.21.1'
    },
    transformRequest: [ [Function: transformRequest] ],
    transformResponse: [ [Function: transformResponse] ],
    timeout: 0,
    adapter: [Function: httpAdapter],
    xsrfCookieName: 'XSRF-TOKEN',
    xsrfHeaderName: 'X-XSRF-TOKEN',
    maxContentLength: -1,
    maxBodyLength: -1,
    validateStatus: [Function: validateStatus],
    data: undefined
  },
  request: <ref *1> ClientRequest {
    _events: [Object: null prototype] {
      abort: [Function (anonymous)],
      aborted: [Function (anonymous)],
      connect: [Function (anonymous)],
      error: [Function (anonymous)],
      socket: [Function (anonymous)],
      timeout: [Function (anonymous)],
      prefinish: [Function: requestOnPrefinish]
    },
    _eventsCount: 7,
    _maxListeners: undefined,
    outputData: [],
    outputSize: 0,
    writable: true,
    destroyed: false,
    _last: true,
    chunkedEncoding: false,
    shouldKeepAlive: false,
    maxRequestsOnConnectionReached: false,
    _defaultKeepAlive: true,
    useChunkedEncodingByDefault: false,
    sendDate: false,
    _removedConnection: false,
    _removedContLen: false,
    _removedTE: false,
    _contentLength: 0,
    _hasBody: true,
    _trailer: '',
    finished: true,
    _headerSent: true,
    _closed: false,
    socket: TLSSocket {
      _tlsOptions: [Object],
      _secureEstablished: true,
      _securePending: false,
      _newSessionPending: false,
      _controlReleased: true,
      secureConnecting: false,
      _SNICallback: null,
      servername: 'api.timetap.com',
      alpnProtocol: false,
      authorized: true,
      authorizationError: null,
      encrypted: true,
      _events: [Object: null prototype],
      _eventsCount: 10,
      connecting: false,
      _hadError: false,
      _parent: null,
      _host: 'api.timetap.com',
      _readableState: [ReadableState],
      _maxListeners: undefined,
      _writableState: [WritableState],
      allowHalfOpen: false,
      _sockname: null,
      _pendingData: null,
      _pendingEncoding: '',
      server: undefined,
      _server: null,
      ssl: [TLSWrap],
      _requestCert: true,
      _rejectUnauthorized: true,
      parser: null,
      _httpMessage: [Circular *1],
      [Symbol(res)]: [TLSWrap],
      [Symbol(verified)]: true,
      [Symbol(pendingSession)]: null,
      [Symbol(async_id_symbol)]: 26,
      [Symbol(kHandle)]: [TLSWrap],
      [Symbol(kSetNoDelay)]: false,
      [Symbol(lastWriteQueueSize)]: 0,
      [Symbol(timeout)]: null,
      [Symbol(kBuffer)]: null,
      [Symbol(kBufferCb)]: null,
      [Symbol(kBufferGen)]: null,
      [Symbol(kCapture)]: false,
      [Symbol(kBytesRead)]: 0,
      [Symbol(kBytesWritten)]: 0,
      [Symbol(connect-options)]: [Object],
      [Symbol(RequestTimeout)]: undefined
    },
    _header: 'GET /test/reasonIdList?startDate=2021-09-25endDate=2021-09-25&sessionToken=st.api.api.82bd67956b6c41c7afb00086199e7938 HTTP/1.1\r\n' +
      'Accept: application/json, text/plain, */*\r\n' +
      'User-Agent: axios/0.21.1\r\n' +
      'Host: api.timetap.com\r\n' +
      'Connection: close\r\n' +
      '\r\n',
    _keepAliveTimeout: 0,
    _onPendingData: [Function: nop],
    agent: Agent {
      _events: [Object: null prototype],
      _eventsCount: 2,
      _maxListeners: undefined,
      defaultPort: 443,
      protocol: 'https:',
      options: [Object: null prototype],
      requests: [Object: null prototype] {},
      sockets: [Object: null prototype],
      freeSockets: [Object: null prototype] {},
      keepAliveMsecs: 1000,
      keepAlive: false,
      maxSockets: Infinity,
      maxFreeSockets: 256,
      scheduling: 'lifo',
      maxTotalSockets: Infinity,
      totalSocketCount: 1,
      maxCachedSessions: 100,
      _sessionCache: [Object],
      [Symbol(kCapture)]: false
    },
    socketPath: undefined,
    method: 'GET',
    maxHeaderSize: undefined,
    insecureHTTPParser: undefined,
    path: '/test/reasonIdList?startDate=2021-09-25endDate=2021-09-25&sessionToken=st.api.api.82bd67956b6c41c7afb00086199e7938',
    _ended: true,
    res: IncomingMessage {
      _readableState: [ReadableState],
      _events: [Object: null prototype],
      _eventsCount: 3,
      _maxListeners: undefined,
      socket: [TLSSocket],
      httpVersionMajor: 1,
      httpVersionMinor: 1,
      httpVersion: '1.1',
      complete: true,
      rawHeaders: [Array],
      rawTrailers: [],
      aborted: false,
      upgrade: false,
      url: '',
      method: null,
      statusCode: 200,
      statusMessage: 'OK',
      client: [TLSSocket],
      _consuming: false,
      _dumped: false,
      req: [Circular *1],
      responseUrl: 'https://api.timetap.com/test/reasonIdList?startDate=2021-09-25endDate=2021-09-25&sessionToken=st.api.api.82bd67956b6c41c7afb00086199e7938',
      redirects: [],
      [Symbol(kCapture)]: false,
      [Symbol(kHeaders)]: [Object],
      [Symbol(kHeadersCount)]: 44,
      [Symbol(kTrailers)]: null,
      [Symbol(kTrailersCount)]: 0,
      [Symbol(RequestTimeout)]: undefined
    },
    aborted: false,
    timeoutCb: null,
    upgradeOrConnect: false,
    parser: null,
    maxHeadersCount: null,
    reusedSocket: false,
    host: 'api.timetap.com',
    protocol: 'https:',
    _redirectable: Writable {
      _writableState: [WritableState],
      _events: [Object: null prototype],
      _eventsCount: 2,
      _maxListeners: undefined,
      _options: [Object],
      _ended: true,
      _ending: true,
      _redirectCount: 0,
      _redirects: [],
      _requestBodyLength: 0,
      _requestBodyBuffers: [],
      _onNativeResponse: [Function (anonymous)],
      _currentRequest: [Circular *1],
      _currentUrl: 'https://api.timetap.com/test/reasonIdList?startDate=2021-09-25endDate=2021-09-25&sessionToken=st.api.api.82bd67956b6c41c7afb00086199e7938',
      [Symbol(kCapture)]: false
    },
    [Symbol(kCapture)]: false,
    [Symbol(kNeedDrain)]: false,
    [Symbol(corked)]: 0,
    [Symbol(kOutHeaders)]: [Object: null prototype] {
      accept: [Array],
      'user-agent': [Array],
      host: [Array]
    }
  },
  data: [
    633414, 632795, 631581, 602645,
    628200, 603717, 602389, 603714,
    595870, 593248, 600103, 594738,
    593237, 603786, 602666, 616734,
    596286, 608303, 596326, 625390,
    625379, 602378, 595873, 600099,
    609790
  ]
}
